<?xml version="1.0" encoding="UTF-8"?>
<!-- Generated by org.testng.reporters.JUnitReportReporter -->
<testsuite hostname="DESKTOP-7VDIHJA" failures="0" tests="1" name="org.example.PracticeLocator.handleIframe" time="9.080" errors="0" timestamp="2023-11-09T00:12:51 BDT" skipped="0">
  <testcase classname="org.example.PracticeLocator.handleIframe" name="testiframeElements" time="9.080"/>
</testsuite> <!-- org.example.PracticeLocator.handleIframe -->
