<?xml version="1.0" encoding="UTF-8"?>
<!-- Generated by org.testng.reporters.JUnitReportReporter -->
<testsuite hostname="DESKTOP-7VDIHJA" failures="0" tests="1" name="org.example.PracticeLocator.testActions" time="32.040" errors="0" timestamp="2023-11-07T01:30:16 BDT" skipped="0">
  <testcase classname="org.example.PracticeLocator.testActions" name="testMulti" time="32.040"/>
</testsuite> <!-- org.example.PracticeLocator.testActions -->
