<?xml version="1.0" encoding="UTF-8"?>
<!-- Generated by org.testng.reporters.JUnitReportReporter -->
<testsuite hostname="DESKTOP-7VDIHJA" failures="0" tests="1" name="org.example.PracticeLocator.AlertHandling" time="11.548" errors="0" timestamp="2023-11-02T10:57:32 BDT" skipped="0">
  <testcase classname="org.example.PracticeLocator.AlertHandling" name="testAlert" time="11.548"/>
</testsuite> <!-- org.example.PracticeLocator.AlertHandling -->
