<?xml version="1.0" encoding="UTF-8"?>
<!-- Generated by org.testng.reporters.JUnitReportReporter -->
<testsuite hostname="DESKTOP-7VDIHJA" failures="0" tests="1" name="org.example.PracticeLocator.DifferentWait" time="6.342" errors="0" timestamp="2023-11-10T00:36:27 BDT" skipped="0">
  <testcase classname="org.example.PracticeLocator.DifferentWait" name="testWait" time="6.342"/>
</testsuite> <!-- org.example.PracticeLocator.DifferentWait -->
