<?xml version="1.0" encoding="UTF-8"?>
<!-- Generated by org.testng.reporters.JUnitReportReporter -->
<testsuite hostname="DESKTOP-7VDIHJA" failures="0" tests="1" name="org.example.PracticeLocator.copyPaste" time="15.540" errors="0" timestamp="2023-11-08T09:20:25 BDT" skipped="0">
  <testcase classname="org.example.PracticeLocator.copyPaste" name="testCopyPaste" time="15.540"/>
</testsuite> <!-- org.example.PracticeLocator.copyPaste -->
