<?xml version="1.0" encoding="UTF-8"?>
<!-- Generated by org.testng.reporters.JUnitReportReporter -->
<testsuite hostname="DESKTOP-7VDIHJA" failures="0" tests="1" name="org.example.PracticeLocator.nopCommerce" time="27.009" errors="0" timestamp="2023-11-05T11:59:18 BDT" skipped="0">
  <testcase classname="org.example.PracticeLocator.nopCommerce" name="testHover" time="27.009"/>
</testsuite> <!-- org.example.PracticeLocator.nopCommerce -->
