<?xml version="1.0" encoding="UTF-8"?>
<!-- Generated by org.testng.reporters.JUnitReportReporter -->
<testsuite hostname="DESKTOP-7VDIHJA" failures="0" tests="1" name="org.example.PracticeLocator.performScrollingUsingJS" time="16.078" errors="0" timestamp="2023-11-08T11:54:08 BDT" skipped="0">
  <testcase classname="org.example.PracticeLocator.performScrollingUsingJS" name="testJSexecute" time="16.078"/>
</testsuite> <!-- org.example.PracticeLocator.performScrollingUsingJS -->
