<?xml version="1.0" encoding="UTF-8"?>
<!-- Generated by org.testng.reporters.JUnitReportReporter -->
<testsuite hostname="DESKTOP-7VDIHJA" failures="0" tests="1" name="org.example.PracticeLocator.InteractingWithWebElement" time="15.943" errors="0" timestamp="2023-10-31T11:56:44 BDT" skipped="0">
  <testcase classname="org.example.PracticeLocator.InteractingWithWebElement" name="navigateTesting" time="15.943"/>
</testsuite> <!-- org.example.PracticeLocator.InteractingWithWebElement -->
